<?xml version="1.0" encoding="UTF-8"?>
<!-- Generated by org.testng.reporters.JUnitReportReporter -->
<testsuite hostname="DESKTOP-KRGUFGF" failures="0" tests="1" name="Preadmission.PreAdmissionScript" time="21.546" errors="0" timestamp="2023-09-06T12:11:27 IST" skipped="0">
  <testcase classname="Preadmission.PreAdmissionScript" name="PreAdm_Login" time="21.546"/>
</testsuite> <!-- Preadmission.PreAdmissionScript -->
